Traceback (most recent call last):
  File "/home/ubuntu/website/go/macroMS-web.py", line 3, in <module>
    from GUICanvases.microMSModel import MicroMSModel
  File "/home/ubuntu/macroMS/GUICanvases/microMSModel.py", line 16, in <module>
    from ImageUtilities import blobFinder
  File "/home/ubuntu/macroMS/ImageUtilities/blobFinder.py", line 178
    xShift=0, yShift = 0
          ^
SyntaxError: can't assign to literal
Traceback (most recent call last):
  File "/home/ubuntu/website/go/macroMS-web.py", line 40, in <module>
    blobs=[[q[0]+1,q[1]+1,q[2],q[2],q[3]]+['0','B','0'] for q in blobs]
  File "/home/ubuntu/website/go/macroMS-web.py", line 40, in <listcomp>
    blobs=[[q[0]+1,q[1]+1,q[2],q[2],q[3]]+['0','B','0'] for q in blobs]
TypeError: Can't convert 'int' object to str implicitly
dzsave: output directory /home/ubuntu/website/go/datafile/N96407447267712816/static/submitted_dzi_files exists
dzsave: output directory /home/ubuntu/website/go/datafile/V39436873731669272/static/submitted_dzi_files exists
dzsave: output directory /home/ubuntu/website/go/datafile/V39436873731669272/static/submitted_dzi_files exists
dzsave: output directory /home/ubuntu/website/go/datafile/V39436873731669272/static/submitted_dzi_files exists
dzsave: output directory /home/ubuntu/website/go/datafile/V39436873731669272/static/submitted_dzi_files exists
dzsave: output directory /home/ubuntu/website/go/datafile/V39436873731669272/static/submitted_dzi_files exists
dzsave: output directory /home/ubuntu/website/go/datafile/V39436873731669272/static/submitted_dzi_files exists
dzsave: output directory /home/ubuntu/website/go/datafile/V39436873731669272/static/submitted_dzi_files exists
dzsave: output directory /home/ubuntu/website/go/datafile/V39436873731669272/static/submitted_dzi_files exists
dzsave: output directory /home/ubuntu/website/go/datafile/V39436873731669272/static/submitted_dzi_files exists
dzsave: output directory /home/ubuntu/website/go/datafile/O6929655045699112/static/submitted_dzi_files exists
dzsave: output directory /home/ubuntu/website/go/datafile/O6929655045699112/static/submitted_dzi_files exists
dzsave: output directory /home/ubuntu/website/go/datafile/O6929655045699112/static/submitted_dzi_files exists
dzsave: output directory /home/ubuntu/website/go/datafile/O6929655045699112/static/submitted_dzi_files exists
dzsave: output directory /home/ubuntu/website/go/datafile/O6929655045699112/static/submitted_dzi_files exists
dzsave: output directory /home/ubuntu/website/go/datafile/O6929655045699112/static/submitted_dzi_files exists
dzsave: output directory /home/ubuntu/website/go/datafile/O6929655045699112/static/submitted_dzi_files exists
dzsave: output directory /home/ubuntu/website/go/datafile/O6929655045699112/static/submitted_dzi_files exists
dzsave: output directory /home/ubuntu/website/go/datafile/O6929655045699112/static/submitted_dzi_files exists
dzsave: output directory /home/ubuntu/website/go/datafile/O6929655045699112/static/submitted_dzi_files exists
dzsave: output directory /home/ubuntu/website/go/datafile/O6929655045699112/static/submitted_dzi_files exists
dzsave: output directory /home/ubuntu/website/go/datafile/O6929655045699112/static/submitted_dzi_files exists
dzsave: output directory /home/ubuntu/website/go/datafile/O6929655045699112/static/submitted_dzi_files exists
dzsave: output directory /home/ubuntu/website/go/datafile/A563649606515705/static/submitted_dzi_files exists
dzsave: output directory /home/ubuntu/website/go/datafile/A563649606515705/static/submitted_dzi_reference_files exists
rm: cannot remove '/home/ubuntu/website/go/datafile/V126838054713496/2.png': No such file or directory
/bin/sh: 1: Syntax error: "(" unexpected
rm: cannot remove '/home/ubuntu/website/go/datafile/V12645425565337/2.png': No such file or directory
/bin/sh: 1: Syntax error: "(" unexpected
dzsave: output directory /home/ubuntu/website/go/datafile/W268386066644078/static/submitted_dzi_files exists
dzsave: output directory /home/ubuntu/website/go/datafile/W268386066644078/static/submitted_dzi_files exists
dzsave: output directory /home/ubuntu/website/go/datafile/W268386066644078/static/submitted_dzi_files exists
dzsave: output directory /home/ubuntu/website/go/datafile/W268386066644078/static/submitted_dzi_files exists
dzsave: output directory /home/ubuntu/website/go/datafile/W268386066644078/static/submitted_dzi_files exists
dzsave: output directory /home/ubuntu/website/go/datafile/W268386066644078/static/submitted_dzi_files exists
dzsave: output directory /home/ubuntu/website/go/datafile/W268386066644078/static/submitted_dzi_files exists
dzsave: output directory /home/ubuntu/website/go/datafile/W268386066644078/static/submitted_dzi_files exists
dzsave: output directory /home/ubuntu/website/go/datafile/W268386066644078/static/submitted_dzi_files exists
dzsave: output directory /home/ubuntu/website/go/datafile/W268386066644078/static/submitted_dzi_files exists
dzsave: output directory /home/ubuntu/website/go/datafile/W268386066644078/static/submitted_dzi_files exists
dzsave: output directory /home/ubuntu/website/go/datafile/W268386066644078/static/submitted_dzi_files exists
dzsave: output directory /home/ubuntu/website/go/datafile/W268386066644078/static/submitted_dzi_files exists
dzsave: output directory /home/ubuntu/website/go/datafile/W268386066644078/static/submitted_dzi_files exists
dzsave: output directory /home/ubuntu/website/go/datafile/W268386066644078/static/submitted_dzi_files exists
dzsave: output directory /home/ubuntu/website/go/datafile/W268386066644078/static/submitted_dzi_files exists
dzsave: output directory /home/ubuntu/website/go/datafile/W268221750262961/static/submitted_dzi_files exists
dzsave: output directory /home/ubuntu/website/go/datafile/W268221750262961/static/submitted_dzi_files exists
dzsave: output directory /home/ubuntu/website/go/datafile/W268221750262961/static/submitted_dzi_files exists
dzsave: output directory /home/ubuntu/website/go/datafile/W268221750262961/static/submitted_dzi_files exists
dzsave: output directory /home/ubuntu/website/go/datafile/a792205014545728/static/submitted_dzi_files exists
  File "/home/ubuntu/website/go/geometry-maker.py", line 279
    new_entry.attrib['PositionName']='fiducial_'+str(round(float(corner_coord[0]),2))+'_'+str(round(float(corner_coord[1]),2))+'___'+
                                                                                                                                    ^
SyntaxError: invalid syntax
  File "/home/ubuntu/website/go/geometry-maker.py", line 279
    new_entry.attrib['PositionName']='fiducial_'+str(round(float(corner_coord[0]),2))+'_'+str(round(float(corner_coord[1]),2))+'___'+
                                                                                                                                    ^
SyntaxError: invalid syntax
1111111111111111111
[1876.987, 8.422, 9.374, '9.374', '1', '0', 'B', '0']
11111111111111111111111111111111111111111111111111111
[1876.987, 8.422, 9.374, '9.374', '1', '0', 'B', '0']
11111111111111111111111111111111111111111111111111111
[1876.987, 8.422, 9.374, '9.374', '1', '0', 'B', '0']
11111111111111111111111111111111111111111111111111111
[1876.987, 8.422, 9.374, '9.374', '1', '0', 'B', '0']
11111111111111111111111111111111111111111111111111111
[1876.987, 8.422, 9.374, '9.374', '1', '0', 'B', '0']
11111111111111111111111111111111111111111111111111111
[1876.987, 8.422, 9.374, '9.374', '1', '0', 'B', '0']
1111111111111111111
[996.697, 1606.462, 14.712, '14.712', '0.26', '0', 'B', '0']
1111111111111111111
[666.899, 954.009, 13.588, '13.588', '0.207', '0', 'B', '0']
1111111111111111111
[666.899, 954.009, 13.588, '13.588', '0.207', '0', 'B', '0']
1111111111111111111
[666.899, 954.009, 13.588, '13.588', '0.207', '0', 'B', '0']
1111111111111111111
[739.8359999999999, 710.9689999999999, 14.842, '14.842', '0.401', '0', 'B', '0']
1111111111111111111
[488.928, 734.3100000000001, 12.914, '12.914', '0.375', '0', 'B', '0']
1111111111111111111
[2002.911, 25.485, 2.0, '2', '1', '0', 'B', '0']
1111111111111111111
[1995.813, 21.936, 9.098, '9.098', '0.99', '0', 'B', '0']
1111111111111111111
[2002.911, 25.485, 2.0, '2', '1', '0', 'B', '0']
1111111111111111111
[496.679, 9.087, 5.864, '5.864', '1', '0', 'B', '0']
1111111111111111111
[500.543, 11.019, 2.0, '2', '1', '0', 'B', '0']
1111111111111111111
[500.543, 11.019, 2.0, '2', '1', '0', 'B', '0']
1111111111111111111
[1995.813, 21.936, 9.098, '9.098', '0.99', '0', 'B', '0']
Traceback (most recent call last):
  File "/home/ubuntu/website/go/geometry-maker.py", line 85, in <module>
    matplotlib.pyplot.scatter(x, y)
NameError: name 'matplotlib' is not defined
1111111111111111111
[550.582, 107.806, 8.594, '8.594', '1', '0', 'B', '0']
1111111111111111111
[550.582, 107.806, 8.594, '8.594', '1', '0', 'B', '0']
1111111111111111111
[550.582, 107.806, 8.594, '8.594', '1', '0', 'B', '0']
1111111111111111111
[550.582, 107.806, 8.594, '8.594', '1', '0', 'B', '0']
1111111111111111111
[550.582, 107.806, 8.594, '8.594', '1', '0', 'B', '0']
1111111111111111111
[550.582, 107.806, 8.594, '8.594', '1', '0', 'B', '0']
1111111111111111111
[550.582, 107.806, 8.594, '8.594', '1', '0', 'B', '0']
1111111111111111111
[550.582, 107.806, 8.594, '8.594', '1', '0', 'B', '0']
1111111111111111111
[550.582, 107.806, 8.594, '8.594', '1', '0', 'B', '0']
1111111111111111111
[550.582, 107.806, 8.594, '8.594', '1', '0', 'B', '0']
1111111111111111111
[229.302, 1.234, 8.668, '8.668', '0.994', '0', 'B', '0']
1111111111111111111
[235.97, 4.568, 2.0, '2', '1', '0', 'B', '0']
1111111111111111111
[235.97, 4.568, 2.0, '2', '1', '0', 'B', '0']
1111111111111111111
[682.625, 110.142, 46.702, '46.702', '0.019', '0', 'B', '0']
1111111111111111111
[1417.532, 82.557, 68.608, '68.608', '0.206', '0', 'B', '0']
1111111111111111111
[484.31, 120.68, 1.0, '1', '1', '0', 'B', '0']
1111111111111111111
[1252.84, 742.85, 1.0, '1', '1', '0', 'B', '0']
1111111111111111111
[1926.194, 64.906, 47.634, '47.634', '0.483', '0', 'B', '0']
1111111111111111111
[951.86, 39.334999999999994, 41.136, '41.136', '0.908', '0', 'B', '0']
1111111111111111111
[1516.751, 33.113, 24.07, '24.07', '0.693', '0', 'B', '0']
1111111111111111111
[1516.72, 33.161, 23.964, '23.964', '0.687', '0', 'B', '0']
1111111111111111111
[1907.7259999999999, 104.867, 12.766, '12.766', '0.871', '0', 'B', '0']
1111111111111111111
[557.638, 217.058, 57.414, '57.414', '0.005', '0', 'B', '0']
1111111111111111111
[2074.252, 163.64000000000001, 20.342, '20.342', '0.072', '0', 'B', '0']
1111111111111111111
[2074.252, 163.64000000000001, 20.342, '20.342', '0.072', '0', 'B', '0']
  File "/home/ubuntu/website/go/macroMS-web.py", line 23
    print img
            ^
SyntaxError: Missing parentheses in call to 'print'
[[255 255 255 ... 255 255 255]
 [255 255 255 ... 255 255 255]
 [255 255 255 ... 255 255 255]
 ...
 [ 49  49  49 ...  49  49  49]
 [ 49  49  49 ...  49  49  49]
 [ 49  49  49 ...  49  49  49]]
111111111111111
Traceback (most recent call last):
  File "/home/ubuntu/website/go/macroMS-web.py", line 23, in <module>
    img = img[:,:,2]
IndexError: too many indices for array
Traceback (most recent call last):
  File "/home/ubuntu/website/go/macroMS-web.py", line 23, in <module>
    print( img[:,:,2],file=sys.stderr)
IndexError: too many indices for array
1111111111111111111
1111111111111111111
1111111111111111111
1111111111111111111
[81.0, 181.0, 60.0, '60', '1', '0', 'B', '0']
1111111111111111111
[81.0, 181.0, 60.4, '60.4', '1', '0', 'B', '0']
1111111111111111111
[81.0, 181.0, 60.4, '60.4', '1', '0', 'B', '55']
1111111111111111111
[81.0, 181.0, 60.4, '60.4', '1', '0', 'B', '0']
1111111111111111111
[81.0, 181.0, 60.4, '60.4', '1', '0', 'B', '9']
Traceback (most recent call last):
  File "/home/ubuntu/website/go/macroMS-web.py", line 22, in <module>
    if _threshold_color<1:
TypeError: unorderable types: str() < int()
Traceback (most recent call last):
  File "/home/ubuntu/website/go/macroMS-web.py", line 16, in <module>
    _threshold_color=int(sys.argv[10])
IndexError: list index out of range
1111111111111111111
[1308.905, 8.666, 16.156, '16.156', '0.951', '0', 'B', '0']
1111111111111111111
[2079.4610000000002, 175.868, 31.168, '31.168', '0.327', '0', 'B', '0']
1111111111111111111
[2698.194, 263.012, 42.982, '42.982', '0.267', '0', 'B', '0']
1111111111111111111
[1322.794, 15.809000000000001, 2.0, '2', '1', '0', 'B', '0']
1111111111111111111
[1735.87, 605.84, 1.0, '1', '1', '0', 'B', '0']
1111111111111111111
[1309.526, 9.217000000000002, 15.306, '15.306', '0.945', '0', 'B', '0']
1111111111111111111
[1309.526, 9.217000000000002, 15.306, '15.306', '0.945', '0', 'B', '0']
Traceback (most recent call last):
  File "/home/ubuntu/website/go/geometry-maker.py", line 210, in <module>
    PossibleorderList=micromm.saveCurrentBlobFinding(ts_optimized,TSO_boolean,ID,csrf)
  File "/home/ubuntu/macroMS/GUICanvases/microMSModel.py", line 135, in saveCurrentBlobFinding
    soln = TSPutil.TSPRoute(blob.blob.getXYList(blobs),ID,csrf)
  File "/home/ubuntu/macroMS/ImageUtilities/TSPutil.py", line 32, in TSPRoute
    fs=os.listdir(datapath+ID.split('-')[0])
FileNotFoundError: [Errno 2] No such file or directory: '/home/ubuntu/website/go/datafile/t51239162540021'
 
 -------------- celery@wk1 v4.4.2 (cliffs)
--- ***** ----- 
-- ******* ---- Linux-5.3.0-1035-aws-x86_64-with-debian-buster-sid 2020-09-16 04:02:04
- *** --- * --- 
- ** ---------- [config]
- ** ---------- .> app:         celery_worker:0x7fd626742940
- ** ---------- .> transport:   amqp://guest:**@localhost:5672//
- ** ---------- .> results:     rpc://
- *** --- * --- .> concurrency: 2 (prefork)
-- ******* ---- .> task events: OFF (enable -E to monitor tasks in this worker)
--- ***** ----- 
 -------------- [queues]
                .> celery           exchange=celery(direct) key=celery
                .> feature_recognition exchange=feature_recognition(direct) key=feature_recognition


worker: Warm shutdown (MainProcess)
 
 -------------- celery@wk1 v4.4.2 (cliffs)
--- ***** ----- 
-- ******* ---- Linux-5.3.0-1035-aws-x86_64-with-debian-buster-sid 2020-09-16 04:02:10
- *** --- * --- 
- ** ---------- [config]
- ** ---------- .> app:         celery_worker:0x7f986f306940
- ** ---------- .> transport:   amqp://guest:**@localhost:5672//
- ** ---------- .> results:     rpc://
- *** --- * --- .> concurrency: 2 (prefork)
-- ******* ---- .> task events: OFF (enable -E to monitor tasks in this worker)
--- ***** ----- 
 -------------- [queues]
                .> celery           exchange=celery(direct) key=celery
                .> feature_recognition exchange=feature_recognition(direct) key=feature_recognition


worker: Warm shutdown (MainProcess)
